<?xml version="1.0" encoding="UTF-8"?>
<!-- Generated by org.testng.reporters.JUnitReportReporter -->
<testsuite hostname="DESKTOP-HIN4ESK" failures="0" tests="1" name="proleed.academy_exercise_2.proleed_academy_exercise_2" time="0.512" errors="0" timestamp="2024-08-11T15:06:27 IST" skipped="0">
  <testcase classname="proleed.academy_exercise_2.proleed_academy_exercise_2" name="f" time="0.512"/>
</testsuite> <!-- proleed.academy_exercise_2.proleed_academy_exercise_2 -->
