<?xml version="1.0" encoding="UTF-8"?>
<!-- Generated by org.testng.reporters.JUnitReportReporter -->
<testsuite hostname="DESKTOP-HIN4ESK" failures="0" tests="1" name="Practise_10_08.selenium_practise_10.verizon_signin" time="5.473" errors="0" timestamp="2024-08-10T18:53:25 IST" skipped="0">
  <testcase classname="Practise_10_08.selenium_practise_10.verizon_signin" name="f" time="5.473"/>
</testsuite> <!-- Practise_10_08.selenium_practise_10.verizon_signin -->
