<?xml version="1.0" encoding="UTF-8"?>
<!-- Generated by org.testng.reporters.JUnitReportReporter -->
<testsuite hostname="DESKTOP-HIN4ESK" failures="0" tests="2" name="newtours_demoaut.com.newtours_demoaut" time="24.393" errors="0" timestamp="2024-08-11T09:18:34 IST" skipped="0">
  <testcase classname="newtours_demoaut.com.newtours_demoaut" name="f" time="8.812"/>
  <testcase classname="newtours_demoaut.com.newtours_demoaut" name="login" time="15.581"/>
</testsuite> <!-- newtours_demoaut.com.newtours_demoaut -->
