<?xml version="1.0" encoding="UTF-8"?>
<!-- Generated by org.testng.reporters.JUnitReportReporter -->
<testsuite hostname="DESKTOP-HIN4ESK" failures="0" tests="1" name="proleed_academy_exercises_4.proleed_academy_exercises_4" time="3.703" errors="0" timestamp="2024-08-11T19:16:35 IST" skipped="0">
  <testcase classname="proleed_academy_exercises_4.proleed_academy_exercises_4" name="f" time="3.703"/>
</testsuite> <!-- proleed_academy_exercises_4.proleed_academy_exercises_4 -->
