<?xml version="1.0" encoding="UTF-8"?>
<!-- Generated by org.testng.reporters.JUnitReportReporter -->
<testsuite hostname="DESKTOP-HIN4ESK" failures="0" tests="1" name="proleed_academy_exercises_5.proleed_academy_exercises_5" time="4.215" errors="0" timestamp="2024-08-11T19:47:56 IST" skipped="0">
  <testcase classname="proleed_academy_exercises_5.proleed_academy_exercises_5" name="f" time="4.215"/>
</testsuite> <!-- proleed_academy_exercises_5.proleed_academy_exercises_5 -->
