<?xml version="1.0" encoding="UTF-8"?>
<!-- Generated by org.testng.reporters.JUnitReportReporter -->
<testsuite hostname="DESKTOP-HIN4ESK" failures="0" tests="1" name="proleed_academy_exercises_8.proleed_academy_exercises_8" time="1.299" errors="0" timestamp="2024-08-12T07:57:57 IST" skipped="0">
  <testcase classname="proleed_academy_exercises_8.proleed_academy_exercises_8" name="f" time="1.299"/>
</testsuite> <!-- proleed_academy_exercises_8.proleed_academy_exercises_8 -->
