<?xml version="1.0" encoding="UTF-8"?>
<!-- Generated by org.testng.reporters.JUnitReportReporter -->
<testsuite hostname="DESKTOP-HIN4ESK" failures="0" tests="1" name="proleed_academy_exercise_1.proleed_academy_exercise_1" time="2.455" errors="0" timestamp="2024-08-11T11:38:40 IST" skipped="0">
  <testcase classname="proleed_academy_exercise_1.proleed_academy_exercise_1" name="f" time="2.455"/>
</testsuite> <!-- proleed_academy_exercise_1.proleed_academy_exercise_1 -->
