<?xml version="1.0" encoding="UTF-8"?>
<!-- Generated by org.testng.reporters.JUnitReportReporter -->
<testsuite hostname="DESKTOP-HIN4ESK" failures="0" tests="1" name="proleed_academy_exercises_3.proleed_academy_exercises_3" time="3.428" errors="0" timestamp="2024-08-11T17:30:01 IST" skipped="0">
  <testcase classname="proleed_academy_exercises_3.proleed_academy_exercises_3" name="f" time="3.428"/>
</testsuite> <!-- proleed_academy_exercises_3.proleed_academy_exercises_3 -->
