<?xml version="1.0" encoding="UTF-8"?>
<!-- Generated by org.testng.reporters.JUnitReportReporter -->
<testsuite hostname="DESKTOP-HIN4ESK" failures="0" tests="1" name="proleed_academy_exercises_6.proleed_academy_exercises_6" time="1.550" errors="0" timestamp="2024-08-12T07:21:14 IST" skipped="0">
  <testcase classname="proleed_academy_exercises_6.proleed_academy_exercises_6" name="f" time="1.550"/>
</testsuite> <!-- proleed_academy_exercises_6.proleed_academy_exercises_6 -->
